Test LOG undefined 
Test LOG undefined 
Test LOG  
Test LOG UserService 
[UserService]: Test LOG 
[UserService]: Thu Apr 18 2019 11:36:31 GMT+0100 (Paris, Madrid) : Test LOG 
[UserService]: Invalid Date : Test LOG 
[UserService]: Thu Apr 18 2019 11:40:44 GMT+0100 (Paris, Madrid) : Test LOG 
[UserService]: Invalid Date : Test LOG 
[UserService]: Invalid Date : Test LOG 
[UserService]: Invalid Date : Test LOG 
[UserService]: Invalid Date : Test LOG 
[UserService]: 2019-4-18 : Test LOG 
[UserService]: 2019-4-18 12:54:45 : Test LOG 
[UserService]: 2019-4-18 13:40:53 : Test LOG 
[UserService]: 2019-4-18 13:49:37 : Test LOG 
[RolesGuard]: 2019-4-18 15:30:44 : /user/test 
[RolesGuard]: 2019-4-18 15:34:19 : admin 
[RolesGuard]: 2019-4-18 15:35:27 : admin 
[RolesGuard]: 2019-4-18 15:38:26 : admin 
[RolesGuard]: 2019-4-18 15:38:30 : admin 
[UserService]: 2019-4-18 15:40:11 : Test LOG 
[RolesGuard]: 2019-4-18 15:40:25 : admin 
[RolesGuard]: 2019-4-18 15:40:42 : admin 
[RolesGuard]: 2019-4-18 15:40:51 : admin 
[RolesGuard]: 2019-4-18 15:42:38 : admin 
[RolesGuard]: 2019-4-18 15:42:38 : admin 
[RolesGuard]: 2019-4-18 15:42:45 : admin 
[RolesGuard]: 2019-4-18 15:42:45 : admin 
[RolesGuard]: 2019-4-18 15:43:32 : admin 
[RolesGuard]: 2019-4-18 15:43:32 : admin 
[RolesGuard]: 2019-4-18 15:44:48 : admin 
[RolesGuard]: 2019-4-18 15:46:53 : admin 
[RolesGuard]: 2019-4-18 15:46:53 : [object Object] 
[RolesGuard]: 2019-4-18 15:46:53 : admin 
[RolesGuard]: 2019-4-18 15:46:53 : [object Object] 
[RolesGuard]: 2019-4-18 15:47:39 : admin 
[RolesGuard]: 2019-4-18 15:47:39 : [object Object] 
[RolesGuard]: 2019-4-18 15:47:39 : admin 
[RolesGuard]: 2019-4-18 15:47:39 : [object Object] 
[RolesGuard]: 2019-4-18 15:48:27 : admin 
[RolesGuard]: 2019-4-18 15:48:27 : admin 
[RolesGuard]: 2019-4-18 15:48:27 : admin 
[RolesGuard]: 2019-4-18 15:48:27 : admin 
[RolesGuard]: 2019-4-18 15:50:49 : admin 
[RolesGuard]: 2019-4-18 15:50:49 : admin 
[RolesGuard]: 2019-4-18 15:50:49 : admin 
[RolesGuard]: 2019-4-18 15:50:49 : () => roles.some((role) => roles.includes(role)) 
[RolesGuard]: 2019-4-18 15:50:49 : () => roles.some((role) => roles.includes(role)) 
[RolesGuard]: 2019-4-18 15:50:49 : admin 
[RolesGuard]: 2019-4-18 15:51:26 : admin 
[RolesGuard]: 2019-4-18 15:51:26 : admin 
[RolesGuard]: 2019-4-18 15:51:26 : function apply() { [native code] } 
[RolesGuard]: 2019-4-18 15:51:26 : admin 
[RolesGuard]: 2019-4-18 15:51:26 : function apply() { [native code] } 
[RolesGuard]: 2019-4-18 15:51:26 : admin 
[RolesGuard]: 2019-4-18 15:52:08 : admin 
[RolesGuard]: 2019-4-18 15:52:08 : admin 
[RolesGuard]: 2019-4-18 15:52:08 : admin 
[RolesGuard]: 2019-4-18 15:52:08 : admin 
[RolesGuard]: 2019-4-18 15:53:54 : admin 
[RolesGuard]: 2019-4-18 15:53:54 : admin 
[RolesGuard]: 2019-4-18 15:54:57 : admin 
[RolesGuard]: 2019-4-18 15:54:57 : [admin] 
[RolesGuard]: 2019-4-18 15:55:26 : [admin] 
[RolesGuard]: 2019-4-18 15:55:26 : admin 
[RolesGuard]: 2019-4-18 15:55:26 : admin 
[RolesGuard]: 2019-4-18 15:55:26 : [admin] 
[RolesGuard]: 2019-4-18 15:56:12 : [admin] 
[RolesGuard]: 2019-4-18 15:56:12 : [admin] 
[RolesGuard]: 2019-4-18 15:57:45 : [admin] 
[RolesGuard]: 2019-4-18 15:57:45 : [admin] 
[RolesGuard]: 2019-4-18 15:57:47 : [admin] 
[RolesGuard]: 2019-4-18 15:57:47 : [admin] 
[RolesGuard]: 2019-4-18 15:57:48 : [admin] 
[RolesGuard]: 2019-4-18 15:57:48 : [admin] 
[RolesGuard]: 2019-4-18 15:57:49 : [admin] 
[RolesGuard]: 2019-4-18 15:57:49 : [admin] 
[RolesGuard]: 2019-4-18 15:57:52 : [admin] 
[RolesGuard]: 2019-4-18 15:57:52 : [admin] 
[RolesGuard]: 2019-4-18 15:57:54 : [admin] 
[RolesGuard]: 2019-4-18 15:57:54 : [admin] 
[RolesGuard]: 2019-4-18 15:57:54 : [admin] 
[RolesGuard]: 2019-4-18 15:57:54 : [admin] 
[RolesGuard]: 2019-4-18 15:58:06 : [admin] 
[RolesGuard]: 2019-4-18 15:58:07 : [admin] 
[RolesGuard]: 2019-4-18 16:04:41 : { roles : [admin] } 
[RolesGuard]: 2019-4-18 16:04:41 : () => user.roles.some((role) => roles.includes(role)) 
[RolesGuard]: 2019-4-18 16:04:41 : () => user.roles.some((role) => roles.includes(role)) 
[RolesGuard]: 2019-4-18 16:04:41 : { roles : [admin] } 
[RolesGuard]: 2019-4-18 16:05:01 : { roles : [admin] } 
[RolesGuard]: 2019-4-18 16:05:26 : { roles : [admin] } 
[RolesGuard]: 2019-4-18 16:07:00 : { roles : [admin] } 
[RolesGuard]: 2019-4-18 16:08:20 : { roles : [admin] } 
[RolesGuard]: 2019-4-18 16:08:20 : admin 
[RolesGuard]: 2019-4-18 16:08:20 : { roles : [admin] } 
[RolesGuard]: 2019-4-18 16:08:20 : admin 
[RolesGuard]: 2019-4-18 16:11:25 : { roles : [admin] } 
[RolesGuard]: 2019-4-18 16:11:28 : { roles : [admin] } 
[RolesGuard]: 2019-4-18 16:11:29 : { roles : [admin] } 
[RolesGuard]: 2019-4-18 16:11:29 : { roles : [admin] } 
[RolesGuard]: 2019-4-18 16:11:52 : { roles : [admin] } 
[RolesGuard]: 2019-4-18 16:12:35 : admin 
[RolesGuard]: 2019-4-18 16:12:35 : admin 
[RolesGuard]: 2019-4-18 16:12:52 : admin 
[RolesGuard]: 2019-4-18 16:12:52 : admin 
[RolesGuard]: 2019-4-18 16:18:43 : admind}}i 
[RolesGuard]: 2019-4-18 16:18:43 : { roles : [admin] } 
[RolesGuard]: 2019-4-18 16:18:50 : admind}}i 
[RolesGuard]: 2019-4-18 16:18:50 : { roles : [admin] } 
[RolesGuard]: 2019-4-18 16:19:22 : admind}}i 
[RolesGuard]: 2019-4-18 16:19:24 : admind}}i 
[RolesGuard]: 2019-4-18 16:19:24 : admind}}i 
[RolesGuard]: 2019-4-18 16:19:25 : admind}}i 
[RolesGuard]: 2019-4-18 16:19:33 : admind}}i 
[RolesGuard]: 2019-4-18 16:19:35 : admind}}i 
[RolesGuard]: 2019-4-18 16:20:24 : admind}}i 
[RolesGuard]: 2019-4-18 16:20:43 : undefined 
[RolesGuard]: 2019-4-18 16:20:47 : undefined 
[RolesGuard]: 2019-4-18 16:20:52 : admind}}i 
[RolesGuard]: 2019-4-18 16:21:01 : admind}}i 
[RolesGuard]: 2019-4-18 16:21:02 : admind}}i 
[RolesGuard]: 2019-4-18 16:21:03 : admind}}i 
[RolesGuard]: 2019-4-18 16:21:06 : admind}}i 
[RolesGuard]: 2019-4-18 16:21:06 : admind}}i 
[RolesGuard]: 2019-4-18 16:21:07 : admind}}i 
[RolesGuard]: 2019-4-18 16:21:07 : admind}}i 
[RolesGuard]: 2019-4-18 16:21:08 : admind}}i 
[RolesGuard]: 2019-4-18 16:21:08 : admind}}i 
[RolesGuard]: 2019-4-18 16:21:09 : admind}}i 
[RolesGuard]: 2019-4-18 16:21:38 : admind}}i 
[RolesGuard]: 2019-4-18 16:21:38 : admind}}i 
[RolesGuard]: 2019-4-18 16:21:39 : admind}}i 
[RolesGuard]: 2019-4-18 16:21:39 : admind}}i 
[RolesGuard]: 2019-4-18 16:21:54 : admind}}i 
[RolesGuard]: 2019-4-18 16:22:18 : admind}}i 
[RolesGuard]: 2019-4-18 16:22:54 : admin 
[RolesGuard]: 2019-4-18 16:22:54 : admin 
[RolesGuard]: 2019-4-18 16:22:58 : admin 
[RolesGuard]: 2019-4-18 16:22:58 : admin 
[RolesGuard]: 2019-4-18 16:23:00 : admind}}i 
[RolesGuard]: 2019-4-18 16:23:01 : admind}}i 
[RolesGuard]: 2019-4-18 16:23:55 : admin 
[RolesGuard]: 2019-4-18 16:23:55 : roles: [admin] 
[RolesGuard]: 2019-4-18 16:23:55 : admin 
[RolesGuard]: 2019-4-18 16:23:55 : roles: [admin] 
[RolesGuard]: 2019-4-18 16:25:05 : roles: [admin] 
[RolesGuard]: 2019-4-18 16:26:00 : {roles: [admin]} 
[RolesGuard]: 2019-4-18 16:27:20 : [admin] 
[RolesGuard]: 2019-4-18 16:28:56 : [admin] 
[RolesGuard]: 2019-4-18 16:29:47 : [admin] 
[RolesGuard]: 2019-4-18 16:33:42 : [admin] 
[RolesGuard]: 2019-4-18 16:33:42 : [admin] 
