[UserService]: 2019-4-18 13:40:53 : Test ERROR 
[UserService]: 2019-4-18 13:49:37 : Test ERROR 
[UserController]: 2019-4-18 13:50:21 : Error: [object Object] 
[UserController]: 2019-4-18 13:52:41 : Error: [object Object] 
[UserController]: 2019-4-18 13:52:57 : Error: [object Object] 
[UserController]: 2019-4-18 13:58:11 : {"response":{"status":418,"error":"Incorrect user"},"status":418,"message":{"status":418,"error":"Incorrect user"}} 
[UserController]: 2019-4-18 14:01:42 : {
	"response": {
		"status": 418,
		"error": "Incorrect user"
	},
	"status": 418,
	"message": {
		"status": 418,
		"error": "Incorrect user"
	}
} 
[UserController]: 2019-4-18 14:01:51 : {
	"response": {
		"status": 418,
		"error": "Incorrect user"
	},
	"status": 418,
	"message": {
		"status": 418,
		"error": "Incorrect user"
	}
} 
[UserController]: 2019-4-18 14:02:51 : {
	"response": {
		"status": 418,
		"error": "Incorrect user"
	},
	"status": 418,
	"message": {
		"status": 418,
		"error": "Incorrect user"
	}
} 
[UserService]: 2019-4-18 15:40:11 : "Test ERROR" 
